Fontconfig error: "/etc/fonts/conf.d/10-scale-bitmap-fonts.conf", line 72: non-double matrix element
Fontconfig error: "/etc/fonts/conf.d/10-scale-bitmap-fonts.conf", line 72: non-double matrix element
Fontconfig warning: "/etc/fonts/conf.d/10-scale-bitmap-fonts.conf", line 80: saw unknown, expected number
Fontconfig warning: "/etc/fonts/conf.d/65-0-lohit-bengali.conf", line 32: unknown element "langset"
Fontconfig warning: "/etc/fonts/conf.d/69-gnu-free-sans.conf", line 24: unknown element "langset"
Fontconfig warning: "/etc/fonts/conf.d/69-gnu-free-serif.conf", line 24: unknown element "langset"
Fontconfig error: "/etc/fonts/conf.d/10-scale-bitmap-fonts.conf", line 72: non-double matrix element
Fontconfig error: "/etc/fonts/conf.d/10-scale-bitmap-fonts.conf", line 72: non-double matrix element
Fontconfig warning: "/etc/fonts/conf.d/10-scale-bitmap-fonts.conf", line 80: saw unknown, expected number
Fontconfig warning: "/etc/fonts/conf.d/65-0-lohit-bengali.conf", line 32: unknown element "langset"
Fontconfig warning: "/etc/fonts/conf.d/69-gnu-free-sans.conf", line 24: unknown element "langset"
Fontconfig warning: "/etc/fonts/conf.d/69-gnu-free-serif.conf", line 24: unknown element "langset"
"No such interface 'org.freedesktop.DBus.Properties' on object at path /org/freedesktop/NetworkManager/ActiveConnection/8"
QXcbWindow: Unhandled client message: "_GTK_LOAD_ICONTHEMES"
QXcbWindow: Unhandled client message: "_GTK_LOAD_ICONTHEMES"
QXcbWindow: Unhandled client message: "_GTK_LOAD_ICONTHEMES"
QXcbWindow: Unhandled client message: "_GTK_LOAD_ICONTHEMES"
Fontconfig error: "/etc/fonts/conf.d/10-scale-bitmap-fonts.conf", line 72: non-double matrix element
Fontconfig error: "/etc/fonts/conf.d/10-scale-bitmap-fonts.conf", line 72: non-double matrix element
Fontconfig warning: "/etc/fonts/conf.d/10-scale-bitmap-fonts.conf", line 80: saw unknown, expected number
Fontconfig warning: "/etc/fonts/conf.d/65-0-lohit-bengali.conf", line 32: unknown element "langset"
Fontconfig warning: "/etc/fonts/conf.d/69-gnu-free-sans.conf", line 24: unknown element "langset"
Fontconfig warning: "/etc/fonts/conf.d/69-gnu-free-serif.conf", line 24: unknown element "langset"
QXcbWindow: Unhandled client message: "_GTK_LOAD_ICONTHEMES"
QXcbWindow: Unhandled client message: "_GTK_LOAD_ICONTHEMES"
QXcbWindow: Unhandled client message: "_GTK_LOAD_ICONTHEMES"
QXcbWindow: Unhandled client message: "_GTK_LOAD_ICONTHEMES"
Fontconfig error: "/etc/fonts/conf.d/10-scale-bitmap-fonts.conf", line 72: non-double matrix element
Fontconfig error: "/etc/fonts/conf.d/10-scale-bitmap-fonts.conf", line 72: non-double matrix element
Fontconfig warning: "/etc/fonts/conf.d/10-scale-bitmap-fonts.conf", line 80: saw unknown, expected number
Fontconfig warning: "/etc/fonts/conf.d/65-0-lohit-bengali.conf", line 32: unknown element "langset"
Fontconfig warning: "/etc/fonts/conf.d/69-gnu-free-sans.conf", line 24: unknown element "langset"
Fontconfig warning: "/etc/fonts/conf.d/69-gnu-free-serif.conf", line 24: unknown element "langset"
QXcbWindow: Unhandled client message: "_GTK_LOAD_ICONTHEMES"
QXcbWindow: Unhandled client message: "_GTK_LOAD_ICONTHEMES"
QXcbWindow: Unhandled client message: "_GTK_LOAD_ICONTHEMES"
QXcbWindow: Unhandled client message: "_GTK_LOAD_ICONTHEMES"
"No such interface 'org.freedesktop.DBus.Properties' on object at path /org/freedesktop/NetworkManager/ActiveConnection/14"
"No such interface 'org.freedesktop.DBus.Properties' on object at path /org/freedesktop/NetworkManager/ActiveConnection/15"
"No such interface 'org.freedesktop.DBus.Properties' on object at path /org/freedesktop/NetworkManager/ActiveConnection/16"
"No such interface 'org.freedesktop.DBus.Properties' on object at path /org/freedesktop/NetworkManager/ActiveConnection/18"
"No such interface 'org.freedesktop.DBus.Properties' on object at path /org/freedesktop/NetworkManager/ActiveConnection/18"
"No such interface 'org.freedesktop.DBus.Properties' on object at path /org/freedesktop/NetworkManager/ActiveConnection/19"
"No such interface 'org.freedesktop.DBus.Properties' on object at path /org/freedesktop/NetworkManager/ActiveConnection/18"
"No such interface 'org.freedesktop.DBus.Properties' on object at path /org/freedesktop/NetworkManager/ActiveConnection/19"
"No such interface 'org.freedesktop.DBus.Properties' on object at path /org/freedesktop/NetworkManager/ActiveConnection/18"
"No such interface 'org.freedesktop.DBus.Properties' on object at path /org/freedesktop/NetworkManager/ActiveConnection/19"
"No such interface 'org.freedesktop.DBus.Properties' on object at path /org/freedesktop/NetworkManager/ActiveConnection/18"
"No such interface 'org.freedesktop.DBus.Properties' on object at path /org/freedesktop/NetworkManager/ActiveConnection/19"
"No such interface 'org.freedesktop.DBus.Properties' on object at path /org/freedesktop/NetworkManager/ActiveConnection/18"
"No such interface 'org.freedesktop.DBus.Properties' on object at path /org/freedesktop/NetworkManager/ActiveConnection/19"
"No such interface 'org.freedesktop.DBus.Properties' on object at path /org/freedesktop/NetworkManager/ActiveConnection/18"
"No such interface 'org.freedesktop.DBus.Properties' on object at path /org/freedesktop/NetworkManager/ActiveConnection/19"
"No such interface 'org.freedesktop.DBus.Properties' on object at path /org/freedesktop/NetworkManager/ActiveConnection/18"
"No such interface 'org.freedesktop.DBus.Properties' on object at path /org/freedesktop/NetworkManager/ActiveConnection/19"
"No such interface 'org.freedesktop.DBus.Properties' on object at path /org/freedesktop/NetworkManager/ActiveConnection/18"
"No such interface 'org.freedesktop.DBus.Properties' on object at path /org/freedesktop/NetworkManager/ActiveConnection/19"
"No such interface 'org.freedesktop.DBus.Properties' on object at path /org/freedesktop/NetworkManager/ActiveConnection/18"
Created new window in existing browser session.
Created new window in existing browser session.
Created new window in existing browser session.
"No such interface 'org.freedesktop.DBus.Properties' on object at path /org/freedesktop/NetworkManager/ActiveConnection/20"
"No such interface 'org.freedesktop.DBus.Properties' on object at path /org/freedesktop/NetworkManager/ActiveConnection/21"
"No such interface 'org.freedesktop.DBus.Properties' on object at path /org/freedesktop/NetworkManager/ActiveConnection/22"
"No such interface 'org.freedesktop.DBus.Properties' on object at path /org/freedesktop/NetworkManager/ActiveConnection/24"
"No such interface 'org.freedesktop.DBus.Properties' on object at path /org/freedesktop/NetworkManager/ActiveConnection/26"
"No such interface 'org.freedesktop.DBus.Properties' on object at path /org/freedesktop/NetworkManager/ActiveConnection/27"
"No such interface 'org.freedesktop.DBus.Properties' on object at path /org/freedesktop/NetworkManager/ActiveConnection/28"
"No such interface 'org.freedesktop.DBus.Properties' on object at path /org/freedesktop/NetworkManager/ActiveConnection/29"
ICE default IO error handler doing an exit(), pid = 13369, errno = 32
AL lib: (EE) ALCpulsePlayback_contextStateCallback: Received context failure!
AL lib: (EE) ALCpulsePlayback_streamStateCallback: Received stream failure!
AL lib: (EE) alc_cleanup: 1 device not closed
